make all --print-data-base --no-builtin-variables --no-builtin-rules --question
make: *** No rule to make target 'all'.  Stop.
 
# GNU Make 4.2.1
# Built for x86_64-pc-linux-gnu
# Copyright (C) 1988-2016 Free Software Foundation, Inc.
# License GPLv3+: GNU GPL version 3 or later <http://gnu.org/licenses/gpl.html>
# This is free software: you are free to change and redistribute it.
# There is NO WARRANTY, to the extent permitted by law.

# Make data base, printed on Sun Dec 26 14:00:56 2021

# Variables

# 'override' directive
GNUMAKEFLAGS := 
# automatic
<D = $(patsubst %/,%,$(dir $<))
# automatic
?F = $(notdir $?)
# environment
DESKTOP_SESSION = ubuntu
# default
.SHELLFLAGS := -c
# environment
XDG_SESSION_CLASS = user
# makefile (from 'Makefile', line 3)
SRC = main.cpp
# environment
XDG_SESSION_TYPE = x11
# environment
VSCODE_LOG_NATIVE = false
# automatic
?D = $(patsubst %/,%,$(dir $?))
# environment
IM_CONFIG_PHASE = 1
# automatic
@D = $(patsubst %/,%,$(dir $@))
# environment
XAUTHORITY = /run/user/1000/gdm/Xauthority
# environment
GDMSESSION = ubuntu
# environment
XMODIFIERS = @im=ibus
# makefile
CURDIR := /home/icirauqui/w0rkspace/epipolar_matcher
# makefile
SHELL = /bin/sh
# environment
VSCODE_NLS_CONFIG = {"locale":"en-us","availableLanguages":{},"_languagePackSupport":true}
# environment
_ = /usr/share/code/code
# environment
JOURNAL_STREAM = 8:49724
# environment
XDG_CONFIG_DIRS = /etc/xdg/xdg-ubuntu:/etc/xdg
# makefile (from 'Makefile', line 1)
MAKEFILE_LIST :=  Makefile
# automatic
@F = $(notdir $@)
# environment
GIO_LAUNCHED_DESKTOP_FILE = /usr/share/applications/code.desktop
# environment
USERNAME = icirauqui
# environment
MAKELEVEL := 0
# environment
XDG_DATA_DIRS = /usr/share/ubuntu:/usr/local/share/:/usr/share/:/var/lib/snapd/desktop
# environment
ROS_ETC_DIR = /opt/ros/noetic/etc/ros
# environment
DBUS_SESSION_BUS_ADDRESS = unix:path=/run/user/1000/bus
# environment
VSCODE_VERBOSE_LOGGING = true
# environment
ROS_PACKAGE_PATH = /opt/ros/noetic/share
# environment
MANAGERPID = 1644
# environment
ROS_PYTHON_VERSION = 3
# environment
LESSOPEN = | /usr/bin/lesspipe %s
# environment
LC_NAME = es_ES.UTF-8
# environment
VSCODE_CWD = /home/icirauqui
# default
MAKE_HOST := x86_64-pc-linux-gnu
# environment
PATH = /home/icirauqui/.local/bin:/usr/local/cuda-11.2/bin:/usr/local/cuda-11.2/bin:/opt/ros/noetic/bin:/home/icirauqui/.local/bin:/usr/local/sbin:/usr/local/bin:/usr/sbin:/usr/bin:/sbin:/bin:/usr/games:/usr/local/games:/snap/bin
# environment
XDG_SESSION_DESKTOP = ubuntu
# environment
GPG_AGENT_INFO = /run/user/1000/gnupg/S.gpg-agent:0:1
# environment
GJS_DEBUG_OUTPUT = stderr
# environment
SESSION_MANAGER = local/XPS15:@/tmp/.ICE-unix/1912,unix/XPS15:/tmp/.ICE-unix/1912
# environment
XDG_RUNTIME_DIR = /run/user/1000
# makefile (from 'Makefile', line 2)
PROJECT = main
# environment
ROS_ROOT = /opt/ros/noetic/share/ros
# environment
XDG_MENU_PREFIX = gnome-
# environment
VSCODE_LOG_STACK = false
# environment
VSCODE_CRASH_REPORTER_START_OPTIONS = {"companyName":"Microsoft","productName":"VSCode","submitURL":"appcenter://code?aid=fba07a4d-84bd-4fc8-a125-9640fc8ce171&uid=7f79b37b-5392-4554-8b2f-769116d20623&iid=7f79b37b-5392-4554-8b2f-769116d20623&sid=7f79b37b-5392-4554-8b2f-769116d20623","uploadToServer":true}
# environment
INVOCATION_ID = 0538b940235b4ec7ae16c8de875839d3
# default
.FEATURES := target-specific order-only second-expansion else-if shortest-stem undefine oneshell archives jobserver output-sync check-symlink load
# environment
CMAKE_PREFIX_PATH = /opt/ros/noetic
# environment
LS_COLORS = 
# environment
ROS_DISTRO = noetic
# environment
SSH_AUTH_SOCK = /run/user/1000/keyring/ssh
# environment
GIO_LAUNCHED_DESKTOP_FILE_PID = 4676
# automatic
%F = $(notdir $%)
# environment
DISPLAY = :1
# environment
VSCODE_PIPE_LOGGING = true
# environment
PWD = /home/icirauqui/w0rkspace/epipolar_matcher
# default
.LOADED := 
# environment
SSH_AGENT_PID = 1878
# environment
PKG_CONFIG_PATH = /opt/ros/noetic/lib/pkgconfig
# environment
ORIGINAL_XDG_CURRENT_DESKTOP = ubuntu:GNOME
# environment
GTK_MODULES = gail:atk-bridge
# environment
VSCODE_AMD_ENTRYPOINT = vs/workbench/services/extensions/node/extensionHostProcess
# environment
HOME = /home/icirauqui
# environment
LD_LIBRARY_PATH = /usr/local/cuda-11.2/lib64:/usr/local/cuda-11.2/lib64:/opt/ros/noetic/lib
# environment
LESSCLOSE = /usr/bin/lesspipe %s %s
# environment
VSCODE_CODE_CACHE_PATH = /home/icirauqui/.config/Code/CachedData/899d46d82c4c95423fb7e10e68eba52050e30ba3
# environment
LOGNAME = icirauqui
# environment
APPLICATION_INSIGHTS_NO_DIAGNOSTIC_CHANNEL = true
# automatic
+F = $(notdir $+)
# environment
VSCODE_HANDLES_UNCAUGHT_ERRORS = true
# environment
GNOME_DESKTOP_SESSION_ID = this-is-deprecated
# automatic
^D = $(patsubst %/,%,$(dir $^))
# environment
LC_TIME = es_ES.UTF-8
# default
MAKE = $(MAKE_COMMAND)
# default
MAKECMDGOALS := all
# environment
QT_IM_MODULE = ibus
# environment
SHLVL = 0
# makefile (from 'Makefile', line 1)
CC = g++
# environment
GNOME_SHELL_SESSION_MODE = ubuntu
# environment
VSCODE_IPC_HOOK_EXTHOST = /run/user/1000/vscode-ipc-19932b74-8a96-4a2a-bfa7-1aa5648cb2ca.sock
# default
MAKE_VERSION := 4.2.1
# environment
USER = icirauqui
# environment
LC_MONETARY = es_ES.UTF-8
# makefile
.DEFAULT_GOAL := main
# environment
XDG_CURRENT_DESKTOP = Unity
# environment
ROSLISP_PACKAGE_DIRECTORIES = 
# automatic
%D = $(patsubst %/,%,$(dir $%))
# environment
LC_TELEPHONE = es_ES.UTF-8
# default
MAKE_COMMAND := make
# default
.VARIABLES := 
# automatic
*F = $(notdir $*)
# environment
VSCODE_IPC_HOOK = /run/user/1000/vscode-337bfe8b-1.63.2-main.sock
# environment
PYTHONPATH = /opt/ros/noetic/lib/python3/dist-packages
# makefile
MAKEFLAGS = pqrR
# environment
MFLAGS = -pqrR
# automatic
*D = $(patsubst %/,%,$(dir $*))
# environment
BREAKPAD_DUMP_LOCATION = /home/icirauqui/.config/Code/exthost Crash Reports
# environment
ROS_VERSION = 1
# automatic
+D = $(patsubst %/,%,$(dir $+))
# environment
GDK_BACKEND = x11
# environment
LC_PAPER = es_ES.UTF-8
# environment
QT_ACCESSIBILITY = 1
# default
MAKEFILES := 
# environment
LC_NUMERIC = es_ES.UTF-8
# automatic
<F = $(notdir $<)
# environment
ELECTRON_RUN_AS_NODE = 1
# environment
LC_MEASUREMENT = es_ES.UTF-8
# environment
ROS_MASTER_URI = http://localhost:11311
# environment
LC_ALL = C
# environment
GJS_DEBUG_TOPICS = JS ERROR;JS LOG
# makefile (from 'Makefile', line 4)
LIBS = `pkg-config --cflags --libs opencv4`
# automatic
^F = $(notdir $^)
# default
SUFFIXES := 
# environment
CHROME_DESKTOP = code-url-handler.desktop
# environment
WINDOWPATH = 2
# default
.INCLUDE_DIRS = /usr/include /usr/local/include /usr/include
# environment
LC_IDENTIFICATION = es_ES.UTF-8
# default
.RECIPEPREFIX := 
# environment
LC_ADDRESS = es_ES.UTF-8
# environment
LANG = C
# environment
VSCODE_PID = 4676
# variable set hash-table stats:
# Load=124/1024=12%, Rehash=0, Collisions=20/151=13%

# Pattern-specific Variable Values

# No pattern-specific variable values.

# Directories

# . (device 66311, inode 11280462): 12 files, no impossibilities.

# 12 files, no impossibilities in 1 directories.

# Implicit Rules

# No implicit rules.

# Files

 
# Not a target:
all:
#  Command line target.
#  Implicit rule search has been done.
#  File does not exist.
#  File has not been updated.

# Not a target:
Makefile:
#  Implicit rule search has been done.
#  Last modified 2021-12-20 20:33:37.034329179
#  File has been updated.
#  Successfully updated.

# Not a target:
main.cpp:
#  Implicit rule search has not been done.
#  Modification time never checked.
#  File has not been updated.

# Not a target:
.DEFAULT:
#  Implicit rule search has not been done.
#  Modification time never checked.
#  File has not been updated.

main: main.cpp
#  Implicit rule search has not been done.
#  Modification time never checked.
#  File has not been updated.
#  recipe to execute (from 'Makefile', line 6):
	$(CC) $(SRC) -o $(PROJECT) $(LIBS)

# files hash-table stats:
# Load=6/1024=1%, Rehash=0, Collisions=0/17=0%
# VPATH Search Paths

# No 'vpath' search paths.

# No general ('VPATH' variable) search path.

# strcache buffers: 1 (0) / strings = 17 / storage = 148 B / avg = 8 B
# current buf: size = 8162 B / used = 148 B / count = 17 / avg = 8 B

# strcache performance: lookups = 24 / hit rate = 29%
# hash-table stats:
# Load=17/8192=0%, Rehash=0, Collisions=1/24=4%
# Finished Make data base on Sun Dec 26 14:00:56 2021

 
